
> revora-frontend@0.0.1 dev
> next dev -H 127.0.0.1 -p 3000

  ▲ Next.js 14.2.35
  - Local:        http://127.0.0.1:3000
  - Network:      http://127.0.0.1:3000

 ✓ Starting...

   We detected TypeScript in your project and reconfigured your tsconfig.json file for you. Strict-mode is set to false by default.
   The following suggested values were added to your tsconfig.json. These values can be changed to fit your project's needs:

   	- allowJs was set to true
   	- skipLibCheck was set to true
   	- include was updated to add '.next/types/**/*.ts'
   	- plugins was updated to add { name: 'next' }

   The following mandatory changes were made to your tsconfig.json:

   	- resolveJsonModule was set to true (to match webpack resolution)
   	- isolatedModules was set to true (requirement for SWC / Babel)

 ✓ Ready in 4s
 ○ Compiling /middleware ...
 ✓ Compiled /middleware in 518ms (65 modules)
 ○ Compiling /_error ...
 ✓ Compiled /_error in 1758ms (255 modules)
[?25h
